instruccions max messenger

sudo nano /etc/systemd/system/tomcat.service




[Unit]
Description=Apache Tomcat Web Application Container
After=network.target

[Service]
Type=forking

User=tomcat
Group=tomcat

Environment=JAVA_HOME=/usr/lib/jvm/java-21-openjdk-amd64
Environment=CATALINA_PID=/opt/tomcat/temp/tomcat.pid
Environment=CATALINA_HOME=/opt/tomcat
Environment=CATALINA_BASE=/opt/tomcat
Environment='CATALINA_OPTS=-Xms512M -Xmx1024M -server -XX:+UseParallelGC'

ExecStart=/opt/tomcat/bin/startup.sh
ExecStop=/opt/tomcat/bin/shutdown.sh

Restart=on-failure

[Install]
WantedBy=multi-user.target






readlink -f $(which java)




/usr/lib/jvm/java-21-openjdk-amd64/bin/java




sudo systemctl daemon-reexec
sudo systemctl daemon-reload
sudo systemctl start tomcat
sudo systemctl enable tomcat





